<?xml version="1.0" encoding="UTF-8"?>
<!-- Generated by org.testng.reporters.JUnitReportReporter -->
<testsuite hostname="Batman" failures="0" tests="4" name="E_commerce.E_commerce.TestValidations" time="47.113" errors="0" timestamp="2024-06-21T00:23:02 IST" skipped="0">
  <testcase classname="E_commerce.E_commerce.TestValidations" name="FirstOrder" time="21.613"/>
  <testcase classname="E_commerce.E_commerce.TestValidations" name="FirstOrder" time="11.594"/>
  <testcase classname="E_commerce.E_commerce.TestValidations" name="loginPage" time="7.548"/>
  <testcase classname="E_commerce.E_commerce.TestValidations" name="loginPage" time="6.358"/>
</testsuite> <!-- E_commerce.E_commerce.TestValidations -->
