<?xml version="1.0" encoding="UTF-8"?>
<!-- Generated by org.testng.reporters.JUnitReportReporter -->
<testsuite hostname="Batman" failures="0" tests="2" name="E_commerce.E_commerce.TestNegativeScenarios" time="15.556" errors="0" timestamp="2024-06-13T08:50:02 IST" skipped="0">
  <testcase classname="E_commerce.E_commerce.TestNegativeScenarios" name="NegativeTesting" time="5.177"/>
  <testcase classname="E_commerce.E_commerce.TestNegativeScenarios" name="NegativeTesting" time="10.379"/>
</testsuite> <!-- E_commerce.E_commerce.TestNegativeScenarios -->
