<?xml version="1.0" encoding="UTF-8"?>
<!-- Generated by org.testng.reporters.JUnitReportReporter -->
<testsuite hostname="Batman" failures="0" tests="4" name="E_commerce.E_commerce.TestValidations" time="52.860" errors="0" timestamp="2024-06-22T09:38:43 IST" skipped="0">
  <testcase classname="E_commerce.E_commerce.TestValidations" name="FirstOrder" time="11.202"/>
  <testcase classname="E_commerce.E_commerce.TestValidations" name="FirstOrder" time="27.555"/>
  <testcase classname="E_commerce.E_commerce.TestValidations" name="loginPage" time="6.865"/>
  <testcase classname="E_commerce.E_commerce.TestValidations" name="loginPage" time="7.238"/>
</testsuite> <!-- E_commerce.E_commerce.TestValidations -->
